<?xml version="1.0" encoding="UTF-8"?>
<!-- Generated by org.testng.reporters.JUnitReportReporter -->
<testsuite hostname="suraj" failures="0" tests="1" name="Test.deno" time="72.984" errors="0" timestamp="2022-11-21T00:45:48 IST" skipped="0">
  <testcase classname="Test.deno" name="TC1" time="72.984"/>
  <system-out/>
</testsuite> <!-- Test.deno -->
